# JRE version: Java(TM) SE Runtime Environment (8.0_161-b12) (build 1.8.0_161-b12)
# Java VM: Java HotSpot(TM) 64-Bit Server VM (25.161-b12 mixed mode bsd-amd64 compressed oops)
Heap:
 PSYoungGen      total 74752K, used 20408K [0x000000076ab00000, 0x0000000773600000, 0x00000007c0000000)
  eden space 64000K, 15% used [0x000000076ab00000,0x000000076b4755e0,0x000000076e980000)
  from space 10752K, 99% used [0x000000076eb00000,0x000000076f578d80,0x000000076f580000)
  to   space 21504K, 0% used [0x0000000772100000,0x0000000772100000,0x0000000773600000)
 ParOldGen       total 175104K, used 15256K [0x00000006c0000000, 0x00000006cab00000, 0x000000076ab00000)
  object space 175104K, 8% used [0x00000006c0000000,0x00000006c0ee61f0,0x00000006cab00000)
 Metaspace       used 19592K, capacity 19899K, committed 20224K, reserved 1067008K
  class space    used 1939K, capacity 2028K, committed 2048K, reserved 1048576K
GC Heap History (10 events):
Event: 3.822 GC heap before
{Heap before GC invocations=1 (full 0):
 PSYoungGen      total 76288K, used 65536K [0x000000076ab00000, 0x0000000770000000, 0x00000007c0000000)
  eden space 65536K, 100% used [0x000000076ab00000,0x000000076eb00000,0x000000076eb00000)
  from space 10752K, 0% used [0x000000076f580000,0x000000076f580000,0x0000000770000000)
  to   space 10752K, 0% used [0x000000076eb00000,0x000000076eb00000,0x000000076f580000)
 ParOldGen       total 175104K, used 0K [0x00000006c0000000, 0x00000006cab00000, 0x000000076ab00000)
  object space 175104K, 0% used [0x00000006c0000000,0x00000006c0000000,0x00000006cab00000)
 Metaspace       used 18430K, capacity 18735K, committed 18944K, reserved 1067008K
  class space    used 1891K, capacity 1986K, committed 2048K, reserved 1048576K
Event: 3.832 GC heap after
Heap after GC invocations=1 (full 0):
 PSYoungGen      total 76288K, used 10744K [0x000000076ab00000, 0x0000000770000000, 0x00000007c0000000)
  eden space 65536K, 0% used [0x000000076ab00000,0x000000076ab00000,0x000000076eb00000)
  from space 10752K, 99% used [0x000000076eb00000,0x000000076f57e070,0x000000076f580000)
  to   space 10752K, 0% used [0x000000076f580000,0x000000076f580000,0x0000000770000000)
 ParOldGen       total 175104K, used 3558K [0x00000006c0000000, 0x00000006cab00000, 0x000000076ab00000)
  object space 175104K, 2% used [0x00000006c0000000,0x00000006c0379b30,0x00000006cab00000)
 Metaspace       used 18430K, capacity 18735K, committed 18944K, reserved 1067008K
  class space    used 1891K, capacity 1986K, committed 2048K, reserved 1048576K
}
Event: 4.110 GC heap before
{Heap before GC invocations=2 (full 0):
 PSYoungGen      total 76288K, used 76052K [0x000000076ab00000, 0x0000000770000000, 0x00000007c0000000)
  eden space 65536K, 99% used [0x000000076ab00000,0x000000076eac7038,0x000000076eb00000)
  from space 10752K, 99% used [0x000000076eb00000,0x000000076f57e070,0x000000076f580000)
  to   space 10752K, 0% used [0x000000076f580000,0x000000076f580000,0x0000000770000000)
 ParOldGen       total 175104K, used 3558K [0x00000006c0000000, 0x00000006cab00000, 0x000000076ab00000)
  object space 175104K, 2% used [0x00000006c0000000,0x00000006c0379b30,0x00000006cab00000)
 Metaspace       used 18739K, capacity 19119K, committed 19456K, reserved 1067008K
  class space    used 1917K, capacity 2024K, committed 2048K, reserved 1048576K
Event: 4.120 GC heap after
Heap after GC invocations=2 (full 0):
 PSYoungGen      total 76288K, used 10723K [0x000000076ab00000, 0x0000000774000000, 0x00000007c0000000)
  eden space 65536K, 0% used [0x000000076ab00000,0x000000076ab00000,0x000000076eb00000)
  from space 10752K, 99% used [0x000000076f580000,0x000000076fff8de0,0x0000000770000000)
  to   space 10752K, 0% used [0x000000076eb00000,0x000000076eb00000,0x000000076f580000)
 ParOldGen       total 175104K, used 12736K [0x00000006c0000000, 0x00000006cab00000, 0x000000076ab00000)
  object space 175104K, 7% used [0x00000006c0000000,0x00000006c0c70160,0x00000006cab00000)
 Metaspace       used 18739K, capacity 19119K, committed 19456K, reserved 1067008K
  class space    used 1917K, capacity 2024K, committed 2048K, reserved 1048576K
}
Event: 9.344 GC heap before
{Heap before GC invocations=3 (full 0):
 PSYoungGen      total 76288K, used 76259K [0x000000076ab00000, 0x0000000774000000, 0x00000007c0000000)
  eden space 65536K, 100% used [0x000000076ab00000,0x000000076eb00000,0x000000076eb00000)
  from space 10752K, 99% used [0x000000076f580000,0x000000076fff8de0,0x0000000770000000)
  to   space 10752K, 0% used [0x000000076eb00000,0x000000076eb00000,0x000000076f580000)
 ParOldGen       total 175104K, used 12736K [0x00000006c0000000, 0x00000006cab00000, 0x000000076ab00000)
  object space 175104K, 7% used [0x00000006c0000000,0x00000006c0c70160,0x00000006cab00000)
 Metaspace       used 19325K, capacity 19703K, committed 19968K, reserved 1067008K
  class space    used 1926K, capacity 2026K, committed 2048K, reserved 1048576K
Event: 9.350 GC heap after
Heap after GC invocations=3 (full 0):
 PSYoungGen      total 76288K, used 10739K [0x000000076ab00000, 0x0000000774000000, 0x00000007c0000000)
  eden space 65536K, 0% used [0x000000076ab00000,0x000000076ab00000,0x000000076eb00000)
  from space 10752K, 99% used [0x000000076eb00000,0x000000076f57cdd0,0x000000076f580000)
  to   space 10752K, 0% used [0x0000000773580000,0x0000000773580000,0x0000000774000000)
 ParOldGen       total 175104K, used 15240K [0x00000006c0000000, 0x00000006cab00000, 0x000000076ab00000)
  object space 175104K, 8% used [0x00000006c0000000,0x00000006c0ee21f0,0x00000006cab00000)
 Metaspace       used 19325K, capacity 19703K, committed 19968K, reserved 1067008K
  class space    used 1926K, capacity 2026K, committed 2048K, reserved 1048576K
}
Event: 18.223 GC heap before
{Heap before GC invocations=4 (full 0):
 PSYoungGen      total 76288K, used 76275K [0x000000076ab00000, 0x0000000774000000, 0x00000007c0000000)
  eden space 65536K, 100% used [0x000000076ab00000,0x000000076eb00000,0x000000076eb00000)
  from space 10752K, 99% used [0x000000076eb00000,0x000000076f57cdd0,0x000000076f580000)
  to   space 10752K, 0% used [0x0000000773580000,0x0000000773580000,0x0000000774000000)
 ParOldGen       total 175104K, used 15240K [0x00000006c0000000, 0x00000006cab00000, 0x000000076ab00000)
  object space 175104K, 8% used [0x00000006c0000000,0x00000006c0ee21f0,0x00000006cab00000)
 Metaspace       used 19437K, capacity 19767K, committed 19968K, reserved 1067008K
  class space    used 1926K, capacity 2026K, committed 2048K, reserved 1048576K
Event: 18.231 GC heap after
Heap after GC invocations=4 (full 0):
 PSYoungGen      total 76288K, used 10675K [0x000000076ab00000, 0x0000000774000000, 0x00000007c0000000)
  eden space 65536K, 0% used [0x000000076ab00000,0x000000076ab00000,0x000000076eb00000)
  from space 10752K, 99% used [0x0000000773580000,0x0000000773fecdb0,0x0000000774000000)
  to   space 10752K, 0% used [0x000000076eb00000,0x000000076eb00000,0x000000076f580000)
 ParOldGen       total 175104K, used 15248K [0x00000006c0000000, 0x00000006cab00000, 0x000000076ab00000)
  object space 175104K, 8% used [0x00000006c0000000,0x00000006c0ee41f0,0x00000006cab00000)
 Metaspace       used 19437K, capacity 19767K, committed 19968K, reserved 1067008K
  class space    used 1926K, capacity 2026K, committed 2048K, reserved 1048576K
}
Event: 27.209 GC heap before
{Heap before GC invocations=5 (full 0):
 PSYoungGen      total 76288K, used 76211K [0x000000076ab00000, 0x0000000774000000, 0x00000007c0000000)
  eden space 65536K, 100% used [0x000000076ab00000,0x000000076eb00000,0x000000076eb00000)
  from space 10752K, 99% used [0x0000000773580000,0x0000000773fecdb0,0x0000000774000000)
  to   space 10752K, 0% used [0x000000076eb00000,0x000000076eb00000,0x000000076f580000)
 ParOldGen       total 175104K, used 15248K [0x00000006c0000000, 0x00000006cab00000, 0x000000076ab00000)
  object space 175104K, 8% used [0x00000006c0000000,0x00000006c0ee41f0,0x00000006cab00000)
 Metaspace       used 19453K, capacity 19831K, committed 19968K, reserved 1067008K
  class space    used 1926K, capacity 2026K, committed 2048K, reserved 1048576K
Event: 27.215 GC heap after
Heap after GC invocations=5 (full 0):
 PSYoungGen      total 74752K, used 10723K [0x000000076ab00000, 0x0000000773600000, 0x00000007c0000000)
  eden space 64000K, 0% used [0x000000076ab00000,0x000000076ab00000,0x000000076e980000)
  from space 10752K, 99% used [0x000000076eb00000,0x000000076f578d80,0x000000076f580000)
  to   space 21504K, 0% used [0x0000000772100000,0x0000000772100000,0x0000000773600000)
 ParOldGen       total 175104K, used 15256K [0x00000006c0000000, 0x00000006cab00000, 0x000000076ab00000)
  object space 175104K, 8% used [0x00000006c0000000,0x00000006c0ee61f0,0x00000006cab00000)
 Metaspace       used 19453K, capacity 19831K, committed 19968K, reserved 1067008K
  class space    used 1926K, capacity 2026K, committed 2048K, reserved 1048576K
}

