# JRE version: Java(TM) SE Runtime Environment (8.0_161-b12) (build 1.8.0_161-b12)
# Java VM: Java HotSpot(TM) 64-Bit Server VM (25.161-b12 mixed mode bsd-amd64 compressed oops)
Heap:
 PSYoungGen      total 78848K, used 29751K [0x000000076ab00000, 0x0000000770c00000, 0x00000007c0000000)
  eden space 60416K, 48% used [0x000000076ab00000,0x000000076c7d5f20,0x000000076e600000)
  from space 18432K, 1% used [0x000000076f900000,0x000000076f938000,0x0000000770b00000)
  to   space 19456K, 0% used [0x000000076e600000,0x000000076e600000,0x000000076f900000)
 ParOldGen       total 175104K, used 18839K [0x00000006c0000000, 0x00000006cab00000, 0x000000076ab00000)
  object space 175104K, 10% used [0x00000006c0000000,0x00000006c1265c48,0x00000006cab00000)
 Metaspace       used 19487K, capacity 19837K, committed 19968K, reserved 1067008K
  class space    used 1939K, capacity 2029K, committed 2048K, reserved 1048576K
GC Heap History (10 events):
Event: 43.103 GC heap before
{Heap before GC invocations=4 (full 0):
 PSYoungGen      total 76288K, used 76275K [0x000000076ab00000, 0x0000000770000000, 0x00000007c0000000)
  eden space 65536K, 100% used [0x000000076ab00000,0x000000076eb00000,0x000000076eb00000)
  from space 10752K, 99% used [0x000000076eb00000,0x000000076f57cd70,0x000000076f580000)
  to   space 10752K, 0% used [0x000000076f580000,0x000000076f580000,0x0000000770000000)
 ParOldGen       total 175104K, used 8143K [0x00000006c0000000, 0x00000006cab00000, 0x000000076ab00000)
  object space 175104K, 4% used [0x00000006c0000000,0x00000006c07f3cb8,0x00000006cab00000)
 Metaspace       used 19415K, capacity 19769K, committed 19968K, reserved 1067008K
  class space    used 1926K, capacity 2027K, committed 2048K, reserved 1048576K
Event: 43.109 GC heap after
Heap after GC invocations=4 (full 0):
 PSYoungGen      total 76288K, used 10739K [0x000000076ab00000, 0x0000000770000000, 0x00000007c0000000)
  eden space 65536K, 0% used [0x000000076ab00000,0x000000076ab00000,0x000000076eb00000)
  from space 10752K, 99% used [0x000000076f580000,0x000000076fffcd90,0x0000000770000000)
  to   space 10752K, 0% used [0x000000076eb00000,0x000000076eb00000,0x000000076f580000)
 ParOldGen       total 175104K, used 8151K [0x00000006c0000000, 0x00000006cab00000, 0x000000076ab00000)
  object space 175104K, 4% used [0x00000006c0000000,0x00000006c07f5cb8,0x00000006cab00000)
 Metaspace       used 19415K, capacity 19769K, committed 19968K, reserved 1067008K
  class space    used 1926K, capacity 2027K, committed 2048K, reserved 1048576K
}
Event: 60.787 GC heap before
{Heap before GC invocations=5 (full 0):
 PSYoungGen      total 76288K, used 76275K [0x000000076ab00000, 0x0000000770000000, 0x00000007c0000000)
  eden space 65536K, 100% used [0x000000076ab00000,0x000000076eb00000,0x000000076eb00000)
  from space 10752K, 99% used [0x000000076f580000,0x000000076fffcd90,0x0000000770000000)
  to   space 10752K, 0% used [0x000000076eb00000,0x000000076eb00000,0x000000076f580000)
 ParOldGen       total 175104K, used 8151K [0x00000006c0000000, 0x00000006cab00000, 0x000000076ab00000)
  object space 175104K, 4% used [0x00000006c0000000,0x00000006c07f5cb8,0x00000006cab00000)
 Metaspace       used 19415K, capacity 19769K, committed 19968K, reserved 1067008K
  class space    used 1926K, capacity 2027K, committed 2048K, reserved 1048576K
Event: 60.792 GC heap after
Heap after GC invocations=5 (full 0):
 PSYoungGen      total 74752K, used 10723K [0x000000076ab00000, 0x0000000770a80000, 0x00000007c0000000)
  eden space 64000K, 0% used [0x000000076ab00000,0x000000076ab00000,0x000000076e980000)
  from space 10752K, 99% used [0x000000076eb00000,0x000000076f578d80,0x000000076f580000)
  to   space 16896K, 0% used [0x000000076fa00000,0x000000076fa00000,0x0000000770a80000)
 ParOldGen       total 175104K, used 8151K [0x00000006c0000000, 0x00000006cab00000, 0x000000076ab00000)
  object space 175104K, 4% used [0x00000006c0000000,0x00000006c07f5cb8,0x00000006cab00000)
 Metaspace       used 19415K, capacity 19769K, committed 19968K, reserved 1067008K
  class space    used 1926K, capacity 2027K, committed 2048K, reserved 1048576K
}
Event: 78.106 GC heap before
{Heap before GC invocations=6 (full 0):
 PSYoungGen      total 74752K, used 74723K [0x000000076ab00000, 0x0000000770a80000, 0x00000007c0000000)
  eden space 64000K, 100% used [0x000000076ab00000,0x000000076e980000,0x000000076e980000)
  from space 10752K, 99% used [0x000000076eb00000,0x000000076f578d80,0x000000076f580000)
  to   space 16896K, 0% used [0x000000076fa00000,0x000000076fa00000,0x0000000770a80000)
 ParOldGen       total 175104K, used 8151K [0x00000006c0000000, 0x00000006cab00000, 0x000000076ab00000)
  object space 175104K, 4% used [0x00000006c0000000,0x00000006c07f5cb8,0x00000006cab00000)
 Metaspace       used 19415K, capacity 19769K, committed 19968K, reserved 1067008K
  class space    used 1926K, capacity 2027K, committed 2048K, reserved 1048576K
Event: 78.111 GC heap after
Heap after GC invocations=6 (full 0):
 PSYoungGen      total 76800K, used 10771K [0x000000076ab00000, 0x0000000770800000, 0x00000007c0000000)
  eden space 62464K, 0% used [0x000000076ab00000,0x000000076ab00000,0x000000076e800000)
  from space 14336K, 75% used [0x000000076fa00000,0x0000000770484d90,0x0000000770800000)
  to   space 16384K, 0% used [0x000000076e800000,0x000000076e800000,0x000000076f800000)
 ParOldGen       total 175104K, used 8151K [0x00000006c0000000, 0x00000006cab00000, 0x000000076ab00000)
  object space 175104K, 4% used [0x00000006c0000000,0x00000006c07f5cb8,0x00000006cab00000)
 Metaspace       used 19415K, capacity 19769K, committed 19968K, reserved 1067008K
  class space    used 1926K, capacity 2027K, committed 2048K, reserved 1048576K
}
Event: 94.507 GC heap before
{Heap before GC invocations=7 (full 0):
 PSYoungGen      total 76800K, used 73235K [0x000000076ab00000, 0x0000000770800000, 0x00000007c0000000)
  eden space 62464K, 100% used [0x000000076ab00000,0x000000076e800000,0x000000076e800000)
  from space 14336K, 75% used [0x000000076fa00000,0x0000000770484d90,0x0000000770800000)
  to   space 16384K, 0% used [0x000000076e800000,0x000000076e800000,0x000000076f800000)
 ParOldGen       total 175104K, used 8151K [0x00000006c0000000, 0x00000006cab00000, 0x000000076ab00000)
  object space 175104K, 4% used [0x00000006c0000000,0x00000006c07f5cb8,0x00000006cab00000)
 Metaspace       used 19415K, capacity 19769K, committed 19968K, reserved 1067008K
  class space    used 1926K, capacity 2027K, committed 2048K, reserved 1048576K
Event: 94.514 GC heap after
Heap after GC invocations=7 (full 0):
 PSYoungGen      total 77824K, used 288K [0x000000076ab00000, 0x0000000770b00000, 0x00000007c0000000)
  eden space 61440K, 0% used [0x000000076ab00000,0x000000076ab00000,0x000000076e700000)
  from space 16384K, 1% used [0x000000076e800000,0x000000076e848000,0x000000076f800000)
  to   space 18432K, 0% used [0x000000076f900000,0x000000076f900000,0x0000000770b00000)
 ParOldGen       total 175104K, used 18775K [0x00000006c0000000, 0x00000006cab00000, 0x000000076ab00000)
  object space 175104K, 10% used [0x00000006c0000000,0x00000006c1255c48,0x00000006cab00000)
 Metaspace       used 19415K, capacity 19769K, committed 19968K, reserved 1067008K
  class space    used 1926K, capacity 2027K, committed 2048K, reserved 1048576K
}
Event: 111.210 GC heap before
{Heap before GC invocations=8 (full 0):
 PSYoungGen      total 77824K, used 61728K [0x000000076ab00000, 0x0000000770b00000, 0x00000007c0000000)
  eden space 61440K, 100% used [0x000000076ab00000,0x000000076e700000,0x000000076e700000)
  from space 16384K, 1% used [0x000000076e800000,0x000000076e848000,0x000000076f800000)
  to   space 18432K, 0% used [0x000000076f900000,0x000000076f900000,0x0000000770b00000)
 ParOldGen       total 175104K, used 18775K [0x00000006c0000000, 0x00000006cab00000, 0x000000076ab00000)
  object space 175104K, 10% used [0x00000006c0000000,0x00000006c1255c48,0x00000006cab00000)
 Metaspace       used 19416K, capacity 19769K, committed 19968K, reserved 1067008K
  class space    used 1926K, capacity 2027K, committed 2048K, reserved 1048576K
Event: 111.212 GC heap after
Heap after GC invocations=8 (full 0):
 PSYoungGen      total 78848K, used 224K [0x000000076ab00000, 0x0000000770c00000, 0x00000007c0000000)
  eden space 60416K, 0% used [0x000000076ab00000,0x000000076ab00000,0x000000076e600000)
  from space 18432K, 1% used [0x000000076f900000,0x000000076f938000,0x0000000770b00000)
  to   space 19456K, 0% used [0x000000076e600000,0x000000076e600000,0x000000076f900000)
 ParOldGen       total 175104K, used 18839K [0x00000006c0000000, 0x00000006cab00000, 0x000000076ab00000)
  object space 175104K, 10% used [0x00000006c0000000,0x00000006c1265c48,0x00000006cab00000)
 Metaspace       used 19416K, capacity 19769K, committed 19968K, reserved 1067008K
  class space    used 1926K, capacity 2027K, committed 2048K, reserved 1048576K
}

