# JRE version: Java(TM) SE Runtime Environment (8.0_161-b12) (build 1.8.0_161-b12)
# Java VM: Java HotSpot(TM) 64-Bit Server VM (25.161-b12 mixed mode bsd-amd64 compressed oops)
Heap:
 PSYoungGen      total 137728K, used 80381K [0x000000076ab00000, 0x0000000775000000, 0x00000007c0000000)
  eden space 126976K, 54% used [0x000000076ab00000,0x000000076ef266a8,0x0000000772700000)
  from space 10752K, 98% used [0x0000000772b00000,0x0000000773558d80,0x0000000773580000)
  to   space 20992K, 0% used [0x0000000773b80000,0x0000000773b80000,0x0000000775000000)
 ParOldGen       total 175104K, used 14945K [0x00000006c0000000, 0x00000006cab00000, 0x000000076ab00000)
  object space 175104K, 8% used [0x00000006c0000000,0x00000006c0e98568,0x00000006cab00000)
 Metaspace       used 19501K, capacity 19833K, committed 19968K, reserved 1067008K
  class space    used 1941K, capacity 2029K, committed 2048K, reserved 1048576K
GC Heap History (10 events):
Event: 3.741 GC heap before
{Heap before GC invocations=1 (full 0):
 PSYoungGen      total 76288K, used 65536K [0x000000076ab00000, 0x0000000770000000, 0x00000007c0000000)
  eden space 65536K, 100% used [0x000000076ab00000,0x000000076eb00000,0x000000076eb00000)
  from space 10752K, 0% used [0x000000076f580000,0x000000076f580000,0x0000000770000000)
  to   space 10752K, 0% used [0x000000076eb00000,0x000000076eb00000,0x000000076f580000)
 ParOldGen       total 175104K, used 0K [0x00000006c0000000, 0x00000006cab00000, 0x000000076ab00000)
  object space 175104K, 0% used [0x00000006c0000000,0x00000006c0000000,0x00000006cab00000)
 Metaspace       used 18480K, capacity 18805K, committed 18944K, reserved 1067008K
  class space    used 1901K, capacity 1989K, committed 2048K, reserved 1048576K
Event: 3.752 GC heap after
Heap after GC invocations=1 (full 0):
 PSYoungGen      total 76288K, used 10744K [0x000000076ab00000, 0x0000000770000000, 0x00000007c0000000)
  eden space 65536K, 0% used [0x000000076ab00000,0x000000076ab00000,0x000000076eb00000)
  from space 10752K, 99% used [0x000000076eb00000,0x000000076f57e070,0x000000076f580000)
  to   space 10752K, 0% used [0x000000076f580000,0x000000076f580000,0x0000000770000000)
 ParOldGen       total 175104K, used 3586K [0x00000006c0000000, 0x00000006cab00000, 0x000000076ab00000)
  object space 175104K, 2% used [0x00000006c0000000,0x00000006c0380af0,0x00000006cab00000)
 Metaspace       used 18480K, capacity 18805K, committed 18944K, reserved 1067008K
  class space    used 1901K, capacity 1989K, committed 2048K, reserved 1048576K
}
Event: 4.022 GC heap before
{Heap before GC invocations=2 (full 0):
 PSYoungGen      total 76288K, used 76035K [0x000000076ab00000, 0x0000000770000000, 0x00000007c0000000)
  eden space 65536K, 99% used [0x000000076ab00000,0x000000076eac2c80,0x000000076eb00000)
  from space 10752K, 99% used [0x000000076eb00000,0x000000076f57e070,0x000000076f580000)
  to   space 10752K, 0% used [0x000000076f580000,0x000000076f580000,0x0000000770000000)
 ParOldGen       total 175104K, used 3586K [0x00000006c0000000, 0x00000006cab00000, 0x000000076ab00000)
  object space 175104K, 2% used [0x00000006c0000000,0x00000006c0380af0,0x00000006cab00000)
 Metaspace       used 18791K, capacity 19119K, committed 19200K, reserved 1067008K
  class space    used 1927K, capacity 2026K, committed 2048K, reserved 1048576K
Event: 4.032 GC heap after
Heap after GC invocations=2 (full 0):
 PSYoungGen      total 76288K, used 10739K [0x000000076ab00000, 0x0000000774000000, 0x00000007c0000000)
  eden space 65536K, 0% used [0x000000076ab00000,0x000000076ab00000,0x000000076eb00000)
  from space 10752K, 99% used [0x000000076f580000,0x000000076fffcdd0,0x0000000770000000)
  to   space 10752K, 0% used [0x000000076eb00000,0x000000076eb00000,0x000000076f580000)
 ParOldGen       total 175104K, used 12265K [0x00000006c0000000, 0x00000006cab00000, 0x000000076ab00000)
  object space 175104K, 7% used [0x00000006c0000000,0x00000006c0bfa6f8,0x00000006cab00000)
 Metaspace       used 18791K, capacity 19119K, committed 19200K, reserved 1067008K
  class space    used 1927K, capacity 2026K, committed 2048K, reserved 1048576K
}
Event: 9.495 GC heap before
{Heap before GC invocations=3 (full 0):
 PSYoungGen      total 76288K, used 76275K [0x000000076ab00000, 0x0000000774000000, 0x00000007c0000000)
  eden space 65536K, 100% used [0x000000076ab00000,0x000000076eb00000,0x000000076eb00000)
  from space 10752K, 99% used [0x000000076f580000,0x000000076fffcdd0,0x0000000770000000)
  to   space 10752K, 0% used [0x000000076eb00000,0x000000076eb00000,0x000000076f580000)
 ParOldGen       total 175104K, used 12265K [0x00000006c0000000, 0x00000006cab00000, 0x000000076ab00000)
  object space 175104K, 7% used [0x00000006c0000000,0x00000006c0bfa6f8,0x00000006cab00000)
 Metaspace       used 19311K, capacity 19637K, committed 19712K, reserved 1067008K
  class space    used 1928K, capacity 2027K, committed 2048K, reserved 1048576K
Event: 9.501 GC heap after
Heap after GC invocations=3 (full 0):
 PSYoungGen      total 76288K, used 10723K [0x000000076ab00000, 0x0000000774000000, 0x00000007c0000000)
  eden space 65536K, 0% used [0x000000076ab00000,0x000000076ab00000,0x000000076eb00000)
  from space 10752K, 99% used [0x000000076eb00000,0x000000076f578da0,0x000000076f580000)
  to   space 10752K, 0% used [0x0000000773580000,0x0000000773580000,0x0000000774000000)
 ParOldGen       total 175104K, used 14937K [0x00000006c0000000, 0x00000006cab00000, 0x000000076ab00000)
  object space 175104K, 8% used [0x00000006c0000000,0x00000006c0e96568,0x00000006cab00000)
 Metaspace       used 19311K, capacity 19637K, committed 19712K, reserved 1067008K
  class space    used 1928K, capacity 2027K, committed 2048K, reserved 1048576K
}
Event: 18.379 GC heap before
{Heap before GC invocations=4 (full 0):
 PSYoungGen      total 76288K, used 76259K [0x000000076ab00000, 0x0000000774000000, 0x00000007c0000000)
  eden space 65536K, 100% used [0x000000076ab00000,0x000000076eb00000,0x000000076eb00000)
  from space 10752K, 99% used [0x000000076eb00000,0x000000076f578da0,0x000000076f580000)
  to   space 10752K, 0% used [0x0000000773580000,0x0000000773580000,0x0000000774000000)
 ParOldGen       total 175104K, used 14937K [0x00000006c0000000, 0x00000006cab00000, 0x000000076ab00000)
  object space 175104K, 8% used [0x00000006c0000000,0x00000006c0e96568,0x00000006cab00000)
 Metaspace       used 19432K, capacity 19765K, committed 19968K, reserved 1067008K
  class space    used 1928K, capacity 2027K, committed 2048K, reserved 1048576K
Event: 18.385 GC heap after
Heap after GC invocations=4 (full 0):
 PSYoungGen      total 141824K, used 10691K [0x000000076ab00000, 0x0000000774000000, 0x00000007c0000000)
  eden space 131072K, 0% used [0x000000076ab00000,0x000000076ab00000,0x0000000772b00000)
  from space 10752K, 99% used [0x0000000773580000,0x0000000773ff0d80,0x0000000774000000)
  to   space 10752K, 0% used [0x0000000772b00000,0x0000000772b00000,0x0000000773580000)
 ParOldGen       total 175104K, used 14945K [0x00000006c0000000, 0x00000006cab00000, 0x000000076ab00000)
  object space 175104K, 8% used [0x00000006c0000000,0x00000006c0e98568,0x00000006cab00000)
 Metaspace       used 19432K, capacity 19765K, committed 19968K, reserved 1067008K
  class space    used 1928K, capacity 2027K, committed 2048K, reserved 1048576K
}
Event: 36.529 GC heap before
{Heap before GC invocations=5 (full 0):
 PSYoungGen      total 141824K, used 141763K [0x000000076ab00000, 0x0000000774000000, 0x00000007c0000000)
  eden space 131072K, 100% used [0x000000076ab00000,0x0000000772b00000,0x0000000772b00000)
  from space 10752K, 99% used [0x0000000773580000,0x0000000773ff0d80,0x0000000774000000)
  to   space 10752K, 0% used [0x0000000772b00000,0x0000000772b00000,0x0000000773580000)
 ParOldGen       total 175104K, used 14945K [0x00000006c0000000, 0x00000006cab00000, 0x000000076ab00000)
  object space 175104K, 8% used [0x00000006c0000000,0x00000006c0e98568,0x00000006cab00000)
 Metaspace       used 19434K, capacity 19765K, committed 19968K, reserved 1067008K
  class space    used 1928K, capacity 2027K, committed 2048K, reserved 1048576K
Event: 36.536 GC heap after
Heap after GC invocations=5 (full 0):
 PSYoungGen      total 137728K, used 10595K [0x000000076ab00000, 0x0000000775000000, 0x00000007c0000000)
  eden space 126976K, 0% used [0x000000076ab00000,0x000000076ab00000,0x0000000772700000)
  from space 10752K, 98% used [0x0000000772b00000,0x0000000773558d80,0x0000000773580000)
  to   space 20992K, 0% used [0x0000000773b80000,0x0000000773b80000,0x0000000775000000)
 ParOldGen       total 175104K, used 14945K [0x00000006c0000000, 0x00000006cab00000, 0x000000076ab00000)
  object space 175104K, 8% used [0x00000006c0000000,0x00000006c0e98568,0x00000006cab00000)
 Metaspace       used 19434K, capacity 19765K, committed 19968K, reserved 1067008K
  class space    used 1928K, capacity 2027K, committed 2048K, reserved 1048576K
}

