# JRE version: Java(TM) SE Runtime Environment (8.0_161-b12) (build 1.8.0_161-b12)
# Java VM: Java HotSpot(TM) 64-Bit Server VM (25.161-b12 mixed mode bsd-amd64 compressed oops)
Heap:
 PSYoungGen      total 137216K, used 88900K [0x000000076ab00000, 0x0000000773c80000, 0x00000007c0000000)
  eden space 126464K, 61% used [0x000000076ab00000,0x000000076f754280,0x0000000772680000)
  from space 10752K, 99% used [0x0000000773200000,0x0000000773c7ceb8,0x0000000773c80000)
  to   space 10752K, 0% used [0x0000000772780000,0x0000000772780000,0x0000000773200000)
 ParOldGen       total 89600K, used 23026K [0x00000006c0000000, 0x00000006c5780000, 0x000000076ab00000)
  object space 89600K, 25% used [0x00000006c0000000,0x00000006c167cb28,0x00000006c5780000)
 Metaspace       used 25962K, capacity 26339K, committed 26624K, reserved 1073152K
  class space    used 2052K, capacity 2183K, committed 2304K, reserved 1048576K
GC Heap History (10 events):
Event: 3.794 GC heap before
{Heap before GC invocations=1 (full 0):
 PSYoungGen      total 76288K, used 63364K [0x000000076ab00000, 0x0000000770000000, 0x00000007c0000000)
  eden space 65536K, 96% used [0x000000076ab00000,0x000000076e8e1368,0x000000076eb00000)
  from space 10752K, 0% used [0x000000076f580000,0x000000076f580000,0x0000000770000000)
  to   space 10752K, 0% used [0x000000076eb00000,0x000000076eb00000,0x000000076f580000)
 ParOldGen       total 175104K, used 0K [0x00000006c0000000, 0x00000006cab00000, 0x000000076ab00000)
  object space 175104K, 0% used [0x00000006c0000000,0x00000006c0000000,0x00000006cab00000)
 Metaspace       used 18378K, capacity 18669K, committed 18944K, reserved 1067008K
  class space    used 1890K, capacity 1987K, committed 2048K, reserved 1048576K
Event: 3.803 GC heap after
Heap after GC invocations=1 (full 0):
 PSYoungGen      total 76288K, used 10725K [0x000000076ab00000, 0x0000000770000000, 0x00000007c0000000)
  eden space 65536K, 0% used [0x000000076ab00000,0x000000076ab00000,0x000000076eb00000)
  from space 10752K, 99% used [0x000000076eb00000,0x000000076f579510,0x000000076f580000)
  to   space 10752K, 0% used [0x000000076f580000,0x000000076f580000,0x0000000770000000)
 ParOldGen       total 175104K, used 4731K [0x00000006c0000000, 0x00000006cab00000, 0x000000076ab00000)
  object space 175104K, 2% used [0x00000006c0000000,0x00000006c049ef00,0x00000006cab00000)
 Metaspace       used 18378K, capacity 18669K, committed 18944K, reserved 1067008K
  class space    used 1890K, capacity 1987K, committed 2048K, reserved 1048576K
}
Event: 3.822 GC heap before
{Heap before GC invocations=2 (full 0):
 PSYoungGen      total 76288K, used 25303K [0x000000076ab00000, 0x0000000770000000, 0x00000007c0000000)
  eden space 65536K, 22% used [0x000000076ab00000,0x000000076b93c888,0x000000076eb00000)
  from space 10752K, 99% used [0x000000076eb00000,0x000000076f579510,0x000000076f580000)
  to   space 10752K, 0% used [0x000000076f580000,0x000000076f580000,0x0000000770000000)
 ParOldGen       total 175104K, used 4731K [0x00000006c0000000, 0x00000006cab00000, 0x000000076ab00000)
  object space 175104K, 2% used [0x00000006c0000000,0x00000006c049ef00,0x00000006cab00000)
 Metaspace       used 20803K, capacity 21128K, committed 21248K, reserved 1069056K
  class space    used 1891K, capacity 1988K, committed 2048K, reserved 1048576K
Event: 3.828 GC heap after
Heap after GC invocations=2 (full 0):
 PSYoungGen      total 76288K, used 10739K [0x000000076ab00000, 0x0000000774000000, 0x00000007c0000000)
  eden space 65536K, 0% used [0x000000076ab00000,0x000000076ab00000,0x000000076eb00000)
  from space 10752K, 99% used [0x000000076f580000,0x000000076fffcd20,0x0000000770000000)
  to   space 10752K, 0% used [0x000000076eb00000,0x000000076eb00000,0x000000076f580000)
 ParOldGen       total 175104K, used 8212K [0x00000006c0000000, 0x00000006cab00000, 0x000000076ab00000)
  object space 175104K, 4% used [0x00000006c0000000,0x00000006c08053d0,0x00000006cab00000)
 Metaspace       used 20803K, capacity 21128K, committed 21248K, reserved 1069056K
  class space    used 1891K, capacity 1988K, committed 2048K, reserved 1048576K
}
Event: 3.828 GC heap before
{Heap before GC invocations=3 (full 1):
 PSYoungGen      total 76288K, used 10739K [0x000000076ab00000, 0x0000000774000000, 0x00000007c0000000)
  eden space 65536K, 0% used [0x000000076ab00000,0x000000076ab00000,0x000000076eb00000)
  from space 10752K, 99% used [0x000000076f580000,0x000000076fffcd20,0x0000000770000000)
  to   space 10752K, 0% used [0x000000076eb00000,0x000000076eb00000,0x000000076f580000)
 ParOldGen       total 175104K, used 8212K [0x00000006c0000000, 0x00000006cab00000, 0x000000076ab00000)
  object space 175104K, 4% used [0x00000006c0000000,0x00000006c08053d0,0x00000006cab00000)
 Metaspace       used 20803K, capacity 21128K, committed 21248K, reserved 1069056K
  class space    used 1891K, capacity 1988K, committed 2048K, reserved 1048576K
Event: 3.848 GC heap after
Heap after GC invocations=3 (full 1):
 PSYoungGen      total 76288K, used 0K [0x000000076ab00000, 0x0000000774000000, 0x00000007c0000000)
  eden space 65536K, 0% used [0x000000076ab00000,0x000000076ab00000,0x000000076eb00000)
  from space 10752K, 0% used [0x000000076f580000,0x000000076f580000,0x0000000770000000)
  to   space 10752K, 0% used [0x000000076eb00000,0x000000076eb00000,0x000000076f580000)
 ParOldGen       total 89600K, used 16038K [0x00000006c0000000, 0x00000006c5780000, 0x000000076ab00000)
  object space 89600K, 17% used [0x00000006c0000000,0x00000006c0fa9a00,0x00000006c5780000)
 Metaspace       used 20803K, capacity 21128K, committed 21248K, reserved 1069056K
  class space    used 1891K, capacity 1988K, committed 2048K, reserved 1048576K
}
Event: 6.152 GC heap before
{Heap before GC invocations=4 (full 1):
 PSYoungGen      total 76288K, used 65536K [0x000000076ab00000, 0x0000000774000000, 0x00000007c0000000)
  eden space 65536K, 100% used [0x000000076ab00000,0x000000076eb00000,0x000000076eb00000)
  from space 10752K, 0% used [0x000000076f580000,0x000000076f580000,0x0000000770000000)
  to   space 10752K, 0% used [0x000000076eb00000,0x000000076eb00000,0x000000076f580000)
 ParOldGen       total 89600K, used 16038K [0x00000006c0000000, 0x00000006c5780000, 0x000000076ab00000)
  object space 89600K, 17% used [0x00000006c0000000,0x00000006c0fa9a00,0x00000006c5780000)
 Metaspace       used 25367K, capacity 25723K, committed 25984K, reserved 1073152K
  class space    used 2037K, capacity 2149K, committed 2176K, reserved 1048576K
Event: 6.157 GC heap after
Heap after GC invocations=4 (full 1):
 PSYoungGen      total 76288K, used 10729K [0x000000076ab00000, 0x0000000773c80000, 0x00000007c0000000)
  eden space 65536K, 0% used [0x000000076ab00000,0x000000076ab00000,0x000000076eb00000)
  from space 10752K, 99% used [0x000000076eb00000,0x000000076f57a6c0,0x000000076f580000)
  to   space 10752K, 0% used [0x0000000773200000,0x0000000773200000,0x0000000773c80000)
 ParOldGen       total 89600K, used 18647K [0x00000006c0000000, 0x00000006c5780000, 0x000000076ab00000)
  object space 89600K, 20% used [0x00000006c0000000,0x00000006c1235d48,0x00000006c5780000)
 Metaspace       used 25367K, capacity 25723K, committed 25984K, reserved 1073152K
  class space    used 2037K, capacity 2149K, committed 2176K, reserved 1048576K
}
Event: 8.738 GC heap before
{Heap before GC invocations=5 (full 1):
 PSYoungGen      total 76288K, used 76205K [0x000000076ab00000, 0x0000000773c80000, 0x00000007c0000000)
  eden space 65536K, 99% used [0x000000076ab00000,0x000000076eaf1080,0x000000076eb00000)
  from space 10752K, 99% used [0x000000076eb00000,0x000000076f57a6c0,0x000000076f580000)
  to   space 10752K, 0% used [0x0000000773200000,0x0000000773200000,0x0000000773c80000)
 ParOldGen       total 89600K, used 18647K [0x00000006c0000000, 0x00000006c5780000, 0x000000076ab00000)
  object space 89600K, 20% used [0x00000006c0000000,0x00000006c1235d48,0x00000006c5780000)
 Metaspace       used 25657K, capacity 26043K, committed 26240K, reserved 1073152K
  class space    used 2038K, capacity 2149K, committed 2176K, reserved 1048576K
Event: 8.745 GC heap after
Heap after GC invocations=5 (full 1):
 PSYoungGen      total 137216K, used 10739K [0x000000076ab00000, 0x0000000773c80000, 0x00000007c0000000)
  eden space 126464K, 0% used [0x000000076ab00000,0x000000076ab00000,0x0000000772680000)
  from space 10752K, 99% used [0x0000000773200000,0x0000000773c7ceb8,0x0000000773c80000)
  to   space 10752K, 0% used [0x0000000772780000,0x0000000772780000,0x0000000773200000)
 ParOldGen       total 89600K, used 23026K [0x00000006c0000000, 0x00000006c5780000, 0x000000076ab00000)
  object space 89600K, 25% used [0x00000006c0000000,0x00000006c167cb28,0x00000006c5780000)
 Metaspace       used 25657K, capacity 26043K, committed 26240K, reserved 1073152K
  class space    used 2038K, capacity 2149K, committed 2176K, reserved 1048576K
}

